<?xml version="1.0" encoding="UTF-8"?>
<!-- Generated by org.testng.reporters.JUnitReportReporter -->
<testsuite hostname="Sudhanshu" failures="0" tests="2" name="E2E.HomePage" time="15.678" errors="0" timestamp="2022-02-01T17:58:40 IST" skipped="0">
  <testcase classname="E2E.HomePage" name="BasePage" time="6.392"/>
  <system-out/>
  <testcase classname="E2E.HomePage" name="BasePage" time="9.286"/>
  <system-out/>
</testsuite> <!-- E2E.HomePage -->
